# JRE version: OpenJDK Runtime Environment (8.0_202-b03) (build 1.8.0_202-release-1483-b03)
# Java VM: OpenJDK 64-Bit Server VM (25.202-b03 mixed mode windows-amd64 compressed oops)
Heap:
 PSYoungGen      total 423936K, used 256229K [0x00000000e0000000, 0x00000000ff580000, 0x0000000100000000)
  eden space 392704K, 59% used [0x00000000e0000000,0x00000000ee2d0568,0x00000000f7f80000)
  from space 31232K, 76% used [0x00000000f7f80000,0x00000000f96e8f28,0x00000000f9e00000)
  to   space 32768K, 0% used [0x00000000fd580000,0x00000000fd580000,0x00000000ff580000)
 ParOldGen       total 119296K, used 63153K [0x00000000a0000000, 0x00000000a7480000, 0x00000000e0000000)
  object space 119296K, 52% used [0x00000000a0000000,0x00000000a3dac688,0x00000000a7480000)
 Metaspace       used 83758K, capacity 86666K, committed 87256K, reserved 1124352K
  class space    used 10729K, capacity 11359K, committed 11520K, reserved 1048576K
GC Heap History (10 events):
Event: 363.304 GC heap before
{Heap before GC invocations=31 (full 4):
 PSYoungGen      total 336896K, used 310616K [0x00000000e0000000, 0x00000000f6800000, 0x0000000100000000)
  eden space 305152K, 100% used [0x00000000e0000000,0x00000000f2a00000,0x00000000f2a00000)
  from space 31744K, 17% used [0x00000000f4900000,0x00000000f4e560a8,0x00000000f6800000)
  to   space 31744K, 0% used [0x00000000f2a00000,0x00000000f2a00000,0x00000000f4900000)
 ParOldGen       total 119296K, used 63145K [0x00000000a0000000, 0x00000000a7480000, 0x00000000e0000000)
  object space 119296K, 52% used [0x00000000a0000000,0x00000000a3daa688,0x00000000a7480000)
 Metaspace       used 83625K, capacity 86506K, committed 87000K, reserved 1124352K
  class space    used 10725K, capacity 11355K, committed 11520K, reserved 1048576K
Event: 363.343 GC heap after
Heap after GC invocations=31 (full 4):
 PSYoungGen      total 336896K, used 10840K [0x00000000e0000000, 0x00000000f9080000, 0x0000000100000000)
  eden space 305152K, 0% used [0x00000000e0000000,0x00000000e0000000,0x00000000f2a00000)
  from space 31744K, 34% used [0x00000000f2a00000,0x00000000f3496128,0x00000000f4900000)
  to   space 30720K, 0% used [0x00000000f7280000,0x00000000f7280000,0x00000000f9080000)
 ParOldGen       total 119296K, used 63145K [0x00000000a0000000, 0x00000000a7480000, 0x00000000e0000000)
  object space 119296K, 52% used [0x00000000a0000000,0x00000000a3daa688,0x00000000a7480000)
 Metaspace       used 83625K, capacity 86506K, committed 87000K, reserved 1124352K
  class space    used 10725K, capacity 11355K, committed 11520K, reserved 1048576K
}
Event: 365.987 GC heap before
{Heap before GC invocations=32 (full 4):
 PSYoungGen      total 336896K, used 315992K [0x00000000e0000000, 0x00000000f9080000, 0x0000000100000000)
  eden space 305152K, 100% used [0x00000000e0000000,0x00000000f2a00000,0x00000000f2a00000)
  from space 31744K, 34% used [0x00000000f2a00000,0x00000000f3496128,0x00000000f4900000)
  to   space 30720K, 0% used [0x00000000f7280000,0x00000000f7280000,0x00000000f9080000)
 ParOldGen       total 119296K, used 63145K [0x00000000a0000000, 0x00000000a7480000, 0x00000000e0000000)
  object space 119296K, 52% used [0x00000000a0000000,0x00000000a3daa688,0x00000000a7480000)
 Metaspace       used 83651K, capacity 86578K, committed 87256K, reserved 1124352K
  class space    used 10725K, capacity 11355K, committed 11520K, reserved 1048576K
Event: 366.053 GC heap after
Heap after GC invocations=32 (full 4):
 PSYoungGen      total 376320K, used 14386K [0x00000000e0000000, 0x00000000f8d80000, 0x0000000100000000)
  eden space 348672K, 0% used [0x00000000e0000000,0x00000000e0000000,0x00000000f5480000)
  from space 27648K, 52% used [0x00000000f7280000,0x00000000f808ca08,0x00000000f8d80000)
  to   space 29184K, 0% used [0x00000000f5480000,0x00000000f5480000,0x00000000f7100000)
 ParOldGen       total 119296K, used 63145K [0x00000000a0000000, 0x00000000a7480000, 0x00000000e0000000)
  object space 119296K, 52% used [0x00000000a0000000,0x00000000a3daa688,0x00000000a7480000)
 Metaspace       used 83651K, capacity 86578K, committed 87256K, reserved 1124352K
  class space    used 10725K, capacity 11355K, committed 11520K, reserved 1048576K
}
Event: 371.318 GC heap before
{Heap before GC invocations=33 (full 4):
 PSYoungGen      total 376320K, used 363058K [0x00000000e0000000, 0x00000000f8d80000, 0x0000000100000000)
  eden space 348672K, 100% used [0x00000000e0000000,0x00000000f5480000,0x00000000f5480000)
  from space 27648K, 52% used [0x00000000f7280000,0x00000000f808ca08,0x00000000f8d80000)
  to   space 29184K, 0% used [0x00000000f5480000,0x00000000f5480000,0x00000000f7100000)
 ParOldGen       total 119296K, used 63145K [0x00000000a0000000, 0x00000000a7480000, 0x00000000e0000000)
  object space 119296K, 52% used [0x00000000a0000000,0x00000000a3daa688,0x00000000a7480000)
 Metaspace       used 83670K, capacity 86578K, committed 87256K, reserved 1124352K
  class space    used 10725K, capacity 11355K, committed 11520K, reserved 1048576K
Event: 371.383 GC heap after
Heap after GC invocations=33 (full 4):
 PSYoungGen      total 377856K, used 18654K [0x00000000e0000000, 0x00000000fbb80000, 0x0000000100000000)
  eden space 348672K, 0% used [0x00000000e0000000,0x00000000e0000000,0x00000000f5480000)
  from space 29184K, 63% used [0x00000000f5480000,0x00000000f66b7bc0,0x00000000f7100000)
  to   space 29696K, 0% used [0x00000000f9e80000,0x00000000f9e80000,0x00000000fbb80000)
 ParOldGen       total 119296K, used 63153K [0x00000000a0000000, 0x00000000a7480000, 0x00000000e0000000)
  object space 119296K, 52% used [0x00000000a0000000,0x00000000a3dac688,0x00000000a7480000)
 Metaspace       used 83670K, capacity 86578K, committed 87256K, reserved 1124352K
  class space    used 10725K, capacity 11355K, committed 11520K, reserved 1048576K
}
Event: 376.227 GC heap before
{Heap before GC invocations=34 (full 4):
 PSYoungGen      total 377856K, used 367326K [0x00000000e0000000, 0x00000000fbb80000, 0x0000000100000000)
  eden space 348672K, 100% used [0x00000000e0000000,0x00000000f5480000,0x00000000f5480000)
  from space 29184K, 63% used [0x00000000f5480000,0x00000000f66b7bc0,0x00000000f7100000)
  to   space 29696K, 0% used [0x00000000f9e80000,0x00000000f9e80000,0x00000000fbb80000)
 ParOldGen       total 119296K, used 63153K [0x00000000a0000000, 0x00000000a7480000, 0x00000000e0000000)
  object space 119296K, 52% used [0x00000000a0000000,0x00000000a3dac688,0x00000000a7480000)
 Metaspace       used 83686K, capacity 86596K, committed 87256K, reserved 1124352K
  class space    used 10727K, capacity 11358K, committed 11520K, reserved 1048576K
Event: 376.299 GC heap after
Heap after GC invocations=34 (full 4):
 PSYoungGen      total 422400K, used 21272K [0x00000000e0000000, 0x00000000fbc80000, 0x0000000100000000)
  eden space 392704K, 0% used [0x00000000e0000000,0x00000000e0000000,0x00000000f7f80000)
  from space 29696K, 71% used [0x00000000f9e80000,0x00000000fb346210,0x00000000fbb80000)
  to   space 31232K, 0% used [0x00000000f7f80000,0x00000000f7f80000,0x00000000f9e00000)
 ParOldGen       total 119296K, used 63153K [0x00000000a0000000, 0x00000000a7480000, 0x00000000e0000000)
  object space 119296K, 52% used [0x00000000a0000000,0x00000000a3dac688,0x00000000a7480000)
 Metaspace       used 83686K, capacity 86596K, committed 87256K, reserved 1124352K
  class space    used 10727K, capacity 11358K, committed 11520K, reserved 1048576K
}
Event: 379.730 GC heap before
{Heap before GC invocations=35 (full 4):
 PSYoungGen      total 422400K, used 413976K [0x00000000e0000000, 0x00000000fbc80000, 0x0000000100000000)
  eden space 392704K, 100% used [0x00000000e0000000,0x00000000f7f80000,0x00000000f7f80000)
  from space 29696K, 71% used [0x00000000f9e80000,0x00000000fb346210,0x00000000fbb80000)
  to   space 31232K, 0% used [0x00000000f7f80000,0x00000000f7f80000,0x00000000f9e00000)
 ParOldGen       total 119296K, used 63153K [0x00000000a0000000, 0x00000000a7480000, 0x00000000e0000000)
  object space 119296K, 52% used [0x00000000a0000000,0x00000000a3dac688,0x00000000a7480000)
 Metaspace       used 83735K, capacity 86666K, committed 87256K, reserved 1124352K
  class space    used 10729K, capacity 11359K, committed 11520K, reserved 1048576K
Event: 379.865 GC heap after
Heap after GC invocations=35 (full 4):
 PSYoungGen      total 423936K, used 23971K [0x00000000e0000000, 0x00000000ff580000, 0x0000000100000000)
  eden space 392704K, 0% used [0x00000000e0000000,0x00000000e0000000,0x00000000f7f80000)
  from space 31232K, 76% used [0x00000000f7f80000,0x00000000f96e8f28,0x00000000f9e00000)
  to   space 32768K, 0% used [0x00000000fd580000,0x00000000fd580000,0x00000000ff580000)
 ParOldGen       total 119296K, used 63153K [0x00000000a0000000, 0x00000000a7480000, 0x00000000e0000000)
  object space 119296K, 52% used [0x00000000a0000000,0x00000000a3dac688,0x00000000a7480000)
 Metaspace       used 83735K, capacity 86666K, committed 87256K, reserved 1124352K
  class space    used 10729K, capacity 11359K, committed 11520K, reserved 1048576K
}

